<?xml version="1.0" encoding="UTF-8"?>
<testsuite xmlns:xsi="http://www.w3.org/2001/XMLSchema-instance" xsi:noNamespaceSchemaLocation="https://maven.apache.org/surefire/maven-surefire-plugin/xsd/surefire-test-report.xsd" name="br.com.caelum.leilao.servico.AvaliadorTest" time="0.121" tests="4" errors="0" skipped="0" failures="0">
  <properties>
    <property name="sun.desktop" value="gnome"/>
    <property name="awt.toolkit" value="sun.awt.X11.XToolkit"/>
    <property name="file.encoding.pkg" value="sun.io"/>
    <property name="java.specification.version" value="1.8"/>
    <property name="sun.cpu.isalist" value=""/>
    <property name="sun.jnu.encoding" value="UTF-8"/>
    <property name="java.class.path" value="/home/luciano/Área de Trabalho/coursera/workspace/cursoJava/teste-de-unidade/target/test-classes:/home/luciano/Área de Trabalho/coursera/workspace/cursoJava/teste-de-unidade/target/classes:/home/luciano/.m2/repository/junit/junit/4.12/junit-4.12.jar:/home/luciano/.m2/repository/org/hamcrest/hamcrest-core/1.3/hamcrest-core-1.3.jar:/home/luciano/.m2/repository/org/hamcrest/hamcrest-all/1.3/hamcrest-all-1.3.jar:/home/luciano/.m2/repository/org/powermock/powermock-module-junit4/1.7.3/powermock-module-junit4-1.7.3.jar:/home/luciano/.m2/repository/org/powermock/powermock-module-junit4-common/1.7.3/powermock-module-junit4-common-1.7.3.jar:/home/luciano/.m2/repository/org/powermock/powermock-reflect/1.7.3/powermock-reflect-1.7.3.jar:/home/luciano/.m2/repository/org/powermock/powermock-core/1.7.3/powermock-core-1.7.3.jar:/home/luciano/.m2/repository/org/javassist/javassist/3.21.0-GA/javassist-3.21.0-GA.jar:/home/luciano/.m2/repository/org/powermock/powermock-api-mockito2/1.7.3/powermock-api-mockito2-1.7.3.jar:/home/luciano/.m2/repository/org/powermock/powermock-api-mockito-common/1.7.3/powermock-api-mockito-common-1.7.3.jar:/home/luciano/.m2/repository/org/powermock/powermock-api-support/1.7.3/powermock-api-support-1.7.3.jar:/home/luciano/.m2/repository/org/mockito/mockito-core/2.8.9/mockito-core-2.8.9.jar:/home/luciano/.m2/repository/net/bytebuddy/byte-buddy/1.6.14/byte-buddy-1.6.14.jar:/home/luciano/.m2/repository/net/bytebuddy/byte-buddy-agent/1.6.14/byte-buddy-agent-1.6.14.jar:/home/luciano/.m2/repository/org/objenesis/objenesis/2.5/objenesis-2.5.jar:/home/luciano/.m2/repository/org/jacoco/org.jacoco.agent/0.7.9/org.jacoco.agent-0.7.9-runtime.jar:"/>
    <property name="java.vm.vendor" value="Oracle Corporation"/>
    <property name="sun.arch.data.model" value="64"/>
    <property name="java.vendor.url" value="http://java.oracle.com/"/>
    <property name="user.timezone" value=""/>
    <property name="java.vm.specification.version" value="1.8"/>
    <property name="os.name" value="Linux"/>
    <property name="user.country" value="BR"/>
    <property name="sun.java.launcher" value="SUN_STANDARD"/>
    <property name="sun.boot.library.path" value="/usr/lib/jvm/java-8-oracle/jre/lib/amd64"/>
    <property name="sun.java.command" value="/home/luciano/Área de Trabalho/coursera/workspace/cursoJava/teste-de-unidade/target/surefire/surefirebooter1676687093525085470.jar /home/luciano/Área de Trabalho/coursera/workspace/cursoJava/teste-de-unidade/target/surefire 2018-09-16T22-54-45_033-jvmRun1 surefire5360527626803867747tmp surefire_07509322824310257376tmp"/>
    <property name="surefire.test.class.path" value="/home/luciano/Área de Trabalho/coursera/workspace/cursoJava/teste-de-unidade/target/test-classes:/home/luciano/Área de Trabalho/coursera/workspace/cursoJava/teste-de-unidade/target/classes:/home/luciano/.m2/repository/junit/junit/4.12/junit-4.12.jar:/home/luciano/.m2/repository/org/hamcrest/hamcrest-core/1.3/hamcrest-core-1.3.jar:/home/luciano/.m2/repository/org/hamcrest/hamcrest-all/1.3/hamcrest-all-1.3.jar:/home/luciano/.m2/repository/org/powermock/powermock-module-junit4/1.7.3/powermock-module-junit4-1.7.3.jar:/home/luciano/.m2/repository/org/powermock/powermock-module-junit4-common/1.7.3/powermock-module-junit4-common-1.7.3.jar:/home/luciano/.m2/repository/org/powermock/powermock-reflect/1.7.3/powermock-reflect-1.7.3.jar:/home/luciano/.m2/repository/org/powermock/powermock-core/1.7.3/powermock-core-1.7.3.jar:/home/luciano/.m2/repository/org/javassist/javassist/3.21.0-GA/javassist-3.21.0-GA.jar:/home/luciano/.m2/repository/org/powermock/powermock-api-mockito2/1.7.3/powermock-api-mockito2-1.7.3.jar:/home/luciano/.m2/repository/org/powermock/powermock-api-mockito-common/1.7.3/powermock-api-mockito-common-1.7.3.jar:/home/luciano/.m2/repository/org/powermock/powermock-api-support/1.7.3/powermock-api-support-1.7.3.jar:/home/luciano/.m2/repository/org/mockito/mockito-core/2.8.9/mockito-core-2.8.9.jar:/home/luciano/.m2/repository/net/bytebuddy/byte-buddy/1.6.14/byte-buddy-1.6.14.jar:/home/luciano/.m2/repository/net/bytebuddy/byte-buddy-agent/1.6.14/byte-buddy-agent-1.6.14.jar:/home/luciano/.m2/repository/org/objenesis/objenesis/2.5/objenesis-2.5.jar:/home/luciano/.m2/repository/org/jacoco/org.jacoco.agent/0.7.9/org.jacoco.agent-0.7.9-runtime.jar:"/>
    <property name="sun.cpu.endian" value="little"/>
    <property name="user.home" value="/home/luciano"/>
    <property name="user.language" value="pt"/>
    <property name="java.specification.vendor" value="Oracle Corporation"/>
    <property name="java.home" value="/usr/lib/jvm/java-8-oracle/jre"/>
    <property name="basedir" value="/home/luciano/Área de Trabalho/coursera/workspace/cursoJava/teste-de-unidade"/>
    <property name="file.separator" value="/"/>
    <property name="line.separator" value="&#10;"/>
    <property name="java.vm.specification.vendor" value="Oracle Corporation"/>
    <property name="java.specification.name" value="Java Platform API Specification"/>
    <property name="java.awt.graphicsenv" value="sun.awt.X11GraphicsEnvironment"/>
    <property name="surefire.real.class.path" value="/home/luciano/Área de Trabalho/coursera/workspace/cursoJava/teste-de-unidade/target/surefire/surefirebooter1676687093525085470.jar"/>
    <property name="sun.boot.class.path" value="/usr/lib/jvm/java-8-oracle/jre/lib/resources.jar:/usr/lib/jvm/java-8-oracle/jre/lib/rt.jar:/usr/lib/jvm/java-8-oracle/jre/lib/sunrsasign.jar:/usr/lib/jvm/java-8-oracle/jre/lib/jsse.jar:/usr/lib/jvm/java-8-oracle/jre/lib/jce.jar:/usr/lib/jvm/java-8-oracle/jre/lib/charsets.jar:/usr/lib/jvm/java-8-oracle/jre/lib/jfr.jar:/usr/lib/jvm/java-8-oracle/jre/classes"/>
    <property name="sun.management.compiler" value="HotSpot 64-Bit Tiered Compilers"/>
    <property name="java.runtime.version" value="1.8.0_181-b13"/>
    <property name="user.name" value="luciano"/>
    <property name="path.separator" value=":"/>
    <property name="os.version" value="4.15.0-33-generic"/>
    <property name="java.endorsed.dirs" value="/usr/lib/jvm/java-8-oracle/jre/lib/endorsed"/>
    <property name="java.runtime.name" value="Java(TM) SE Runtime Environment"/>
    <property name="file.encoding" value="UTF-8"/>
    <property name="java.vm.name" value="Java HotSpot(TM) 64-Bit Server VM"/>
    <property name="localRepository" value="/home/luciano/.m2/repository"/>
    <property name="java.vendor.url.bug" value="http://bugreport.sun.com/bugreport/"/>
    <property name="java.io.tmpdir" value="/tmp"/>
    <property name="java.version" value="1.8.0_181"/>
    <property name="user.dir" value="/home/luciano/Área de Trabalho/coursera/workspace/cursoJava/teste-de-unidade"/>
    <property name="os.arch" value="amd64"/>
    <property name="java.vm.specification.name" value="Java Virtual Machine Specification"/>
    <property name="java.awt.printerjob" value="sun.print.PSPrinterJob"/>
    <property name="sun.os.patch.level" value="unknown"/>
    <property name="java.library.path" value="/usr/java/packages/lib/amd64:/usr/lib64:/lib64:/lib:/usr/lib"/>
    <property name="java.vm.info" value="mixed mode"/>
    <property name="java.vendor" value="Oracle Corporation"/>
    <property name="java.vm.version" value="25.181-b13"/>
    <property name="java.ext.dirs" value="/usr/lib/jvm/java-8-oracle/jre/lib/ext:/usr/java/packages/lib/ext"/>
    <property name="sun.io.unicode.encoding" value="UnicodeLittle"/>
    <property name="java.class.version" value="52.0"/>
    <property name="jacoco-agent.destfile" value="/home/luciano/Área de Trabalho/coursera/workspace/cursoJava/teste-de-unidade/target/jacoco.exec"/>
  </properties>
  <testcase name="naoDeveAvaliarLeiloesSemNenhumLanceDado" classname="br.com.caelum.leilao.servico.AvaliadorTest" time="0.032"/>
  <testcase name="deveEncontrarOsTresMaioresLances" classname="br.com.caelum.leilao.servico.AvaliadorTest" time="0.006"/>
  <testcase name="deveEntenderLancesEmOrdemCrescente" classname="br.com.caelum.leilao.servico.AvaliadorTest" time="0.001"/>
  <testcase name="deveEntenderLeilaoComApenasUmLance" classname="br.com.caelum.leilao.servico.AvaliadorTest" time="0"/>
</testsuite>